# JRE version: Java(TM) SE Runtime Environment (8.0_11-b12) (build 1.8.0_11-b12)
# Java VM: Java HotSpot(TM) 64-Bit Server VM (25.11-b03 mixed mode linux-amd64 compressed oops)
Heap:
 PSYoungGen      total 58368K, used 2545K [0x00000000ebe00000, 0x00000000ef980000, 0x0000000100000000)
  eden space 55808K, 0% used [0x00000000ebe00000,0x00000000ebe00000,0x00000000ef480000)
  from space 2560K, 99% used [0x00000000ef480000,0x00000000ef6fc510,0x00000000ef700000)
  to   space 2560K, 0% used [0x00000000ef700000,0x00000000ef700000,0x00000000ef980000)
 ParOldGen       total 61952K, used 9585K [0x00000000c3a00000, 0x00000000c7680000, 0x00000000ebe00000)
  object space 61952K, 15% used [0x00000000c3a00000,0x00000000c435c7c8,0x00000000c7680000)
 Metaspace       used 20636K, capacity 20864K, committed 21120K, reserved 1067008K
  class space    used 2585K, capacity 2652K, committed 2688K, reserved 1048576K
GC Heap History (10 events):
Event: 2.524 GC heap after
Heap after GC invocations=12 (full 0):
 PSYoungGen      total 23552K, used 1729K [0x00000000ebe00000, 0x00000000ed700000, 0x0000000100000000)
  eden space 21504K, 0% used [0x00000000ebe00000,0x00000000ebe00000,0x00000000ed300000)
  from space 2048K, 84% used [0x00000000ed500000,0x00000000ed6b04d0,0x00000000ed700000)
  to   space 2048K, 0% used [0x00000000ed300000,0x00000000ed300000,0x00000000ed500000)
 ParOldGen       total 61952K, used 3275K [0x00000000c3a00000, 0x00000000c7680000, 0x00000000ebe00000)
  object space 61952K, 5% used [0x00000000c3a00000,0x00000000c3d32f28,0x00000000c7680000)
 Metaspace       used 13137K, capacity 13266K, committed 13568K, reserved 1060864K
  class space    used 1680K, capacity 1727K, committed 1792K, reserved 1048576K
}
Event: 2.973 GC heap before
{Heap before GC invocations=13 (full 0):
 PSYoungGen      total 23552K, used 23233K [0x00000000ebe00000, 0x00000000ed700000, 0x0000000100000000)
  eden space 21504K, 100% used [0x00000000ebe00000,0x00000000ed300000,0x00000000ed300000)
  from space 2048K, 84% used [0x00000000ed500000,0x00000000ed6b04d0,0x00000000ed700000)
  to   space 2048K, 0% used [0x00000000ed300000,0x00000000ed300000,0x00000000ed500000)
 ParOldGen       total 61952K, used 3275K [0x00000000c3a00000, 0x00000000c7680000, 0x00000000ebe00000)
  object space 61952K, 5% used [0x00000000c3a00000,0x00000000c3d32f28,0x00000000c7680000)
 Metaspace       used 13419K, capacity 13572K, committed 13824K, reserved 1060864K
  class space    used 1706K, capacity 1762K, committed 1792K, reserved 1048576K
Event: 2.987 GC heap after
Heap after GC invocations=13 (full 0):
 PSYoungGen      total 23552K, used 1184K [0x00000000ebe00000, 0x00000000ee400000, 0x0000000100000000)
  eden space 21504K, 0% used [0x00000000ebe00000,0x00000000ebe00000,0x00000000ed300000)
  from space 2048K, 57% used [0x00000000ed300000,0x00000000ed428000,0x00000000ed500000)
  to   space 2048K, 0% used [0x00000000ee200000,0x00000000ee200000,0x00000000ee400000)
 ParOldGen       total 61952K, used 3799K [0x00000000c3a00000, 0x00000000c7680000, 0x00000000ebe00000)
  object space 61952K, 6% used [0x00000000c3a00000,0x00000000c3db5ca8,0x00000000c7680000)
 Metaspace       used 13419K, capacity 13572K, committed 13824K, reserved 1060864K
  class space    used 1706K, capacity 1762K, committed 1792K, reserved 1048576K
}
Event: 3.204 GC heap before
{Heap before GC invocations=14 (full 0):
 PSYoungGen      total 23552K, used 22688K [0x00000000ebe00000, 0x00000000ee400000, 0x0000000100000000)
  eden space 21504K, 100% used [0x00000000ebe00000,0x00000000ed300000,0x00000000ed300000)
  from space 2048K, 57% used [0x00000000ed300000,0x00000000ed428000,0x00000000ed500000)
  to   space 2048K, 0% used [0x00000000ee200000,0x00000000ee200000,0x00000000ee400000)
 ParOldGen       total 61952K, used 3799K [0x00000000c3a00000, 0x00000000c7680000, 0x00000000ebe00000)
  object space 61952K, 6% used [0x00000000c3a00000,0x00000000c3db5ca8,0x00000000c7680000)
 Metaspace       used 13609K, capacity 13764K, committed 14080K, reserved 1060864K
  class space    used 1728K, capacity 1762K, committed 1792K, reserved 1048576K
Event: 3.212 GC heap after
Heap after GC invocations=14 (full 0):
 PSYoungGen      total 36864K, used 373K [0x00000000ebe00000, 0x00000000ee400000, 0x0000000100000000)
  eden space 34816K, 0% used [0x00000000ebe00000,0x00000000ebe00000,0x00000000ee000000)
  from space 2048K, 18% used [0x00000000ee200000,0x00000000ee25d730,0x00000000ee400000)
  to   space 2048K, 0% used [0x00000000ee000000,0x00000000ee000000,0x00000000ee200000)
 ParOldGen       total 61952K, used 4311K [0x00000000c3a00000, 0x00000000c7680000, 0x00000000ebe00000)
  object space 61952K, 6% used [0x00000000c3a00000,0x00000000c3e35ca8,0x00000000c7680000)
 Metaspace       used 13609K, capacity 13764K, committed 14080K, reserved 1060864K
  class space    used 1728K, capacity 1762K, committed 1792K, reserved 1048576K
}
Event: 8.473 GC heap before
{Heap before GC invocations=15 (full 0):
 PSYoungGen      total 36864K, used 35189K [0x00000000ebe00000, 0x00000000ee400000, 0x0000000100000000)
  eden space 34816K, 100% used [0x00000000ebe00000,0x00000000ee000000,0x00000000ee000000)
  from space 2048K, 18% used [0x00000000ee200000,0x00000000ee25d730,0x00000000ee400000)
  to   space 2048K, 0% used [0x00000000ee000000,0x00000000ee000000,0x00000000ee200000)
 ParOldGen       total 61952K, used 4311K [0x00000000c3a00000, 0x00000000c7680000, 0x00000000ebe00000)
  object space 61952K, 6% used [0x00000000c3a00000,0x00000000c3e35ca8,0x00000000c7680000)
 Metaspace       used 15016K, capacity 15184K, committed 15360K, reserved 1062912K
  class space    used 1933K, capacity 1956K, committed 2048K, reserved 1048576K
Event: 8.613 GC heap after
Heap after GC invocations=15 (full 0):
 PSYoungGen      total 36864K, used 2043K [0x00000000ebe00000, 0x00000000ef980000, 0x0000000100000000)
  eden space 34816K, 0% used [0x00000000ebe00000,0x00000000ebe00000,0x00000000ee000000)
  from space 2048K, 99% used [0x00000000ee000000,0x00000000ee1feed8,0x00000000ee200000)
  to   space 2560K, 0% used [0x00000000ef700000,0x00000000ef700000,0x00000000ef980000)
 ParOldGen       total 61952K, used 4990K [0x00000000c3a00000, 0x00000000c7680000, 0x00000000ebe00000)
  object space 61952K, 8% used [0x00000000c3a00000,0x00000000c3edf928,0x00000000c7680000)
 Metaspace       used 15016K, capacity 15184K, committed 15360K, reserved 1062912K
  class space    used 1933K, capacity 1956K, committed 2048K, reserved 1048576K
}
Event: 14.356 GC heap before
{Heap before GC invocations=16 (full 0):
 PSYoungGen      total 36864K, used 36859K [0x00000000ebe00000, 0x00000000ef980000, 0x0000000100000000)
  eden space 34816K, 100% used [0x00000000ebe00000,0x00000000ee000000,0x00000000ee000000)
  from space 2048K, 99% used [0x00000000ee000000,0x00000000ee1feed8,0x00000000ee200000)
  to   space 2560K, 0% used [0x00000000ef700000,0x00000000ef700000,0x00000000ef980000)
 ParOldGen       total 61952K, used 4990K [0x00000000c3a00000, 0x00000000c7680000, 0x00000000ebe00000)
  object space 61952K, 8% used [0x00000000c3a00000,0x00000000c3edf928,0x00000000c7680000)
 Metaspace       used 16185K, capacity 16386K, committed 16768K, reserved 1064960K
  class space    used 2065K, capacity 2119K, committed 2176K, reserved 1048576K
Event: 14.488 GC heap after
Heap after GC invocations=16 (full 0):
 PSYoungGen      total 58368K, used 1311K [0x00000000ebe00000, 0x00000000ef980000, 0x0000000100000000)
  eden space 55808K, 0% used [0x00000000ebe00000,0x00000000ebe00000,0x00000000ef480000)
  from space 2560K, 51% used [0x00000000ef700000,0x00000000ef847d08,0x00000000ef980000)
  to   space 2560K, 0% used [0x00000000ef480000,0x00000000ef480000,0x00000000ef700000)
 ParOldGen       total 61952K, used 5807K [0x00000000c3a00000, 0x00000000c7680000, 0x00000000ebe00000)
  object space 61952K, 9% used [0x00000000c3a00000,0x00000000c3fabdd8,0x00000000c7680000)
 Metaspace       used 16185K, capacity 16386K, committed 16768K, reserved 1064960K
  class space    used 2065K, capacity 2119K, committed 2176K, reserved 1048576K
}
Event: 34.192 GC heap before
{Heap before GC invocations=17 (full 0):
 PSYoungGen      total 58368K, used 57119K [0x00000000ebe00000, 0x00000000ef980000, 0x0000000100000000)
  eden space 55808K, 100% used [0x00000000ebe00000,0x00000000ef480000,0x00000000ef480000)
  from space 2560K, 51% used [0x00000000ef700000,0x00000000ef847d08,0x00000000ef980000)
  to   space 2560K, 0% used [0x00000000ef480000,0x00000000ef480000,0x00000000ef700000)
 ParOldGen       total 61952K, used 5807K [0x00000000c3a00000, 0x00000000c7680000, 0x00000000ebe00000)
  object space 61952K, 9% used [0x00000000c3a00000,0x00000000c3fabdd8,0x00000000c7680000)
 Metaspace       used 20636K, capacity 20864K, committed 21120K, reserved 1067008K
  class space    used 2585K, capacity 2652K, committed 2688K, reserved 1048576K

